#
# There is insufficient memory for the Java Runtime Environment to continue.
# Native memory allocation (mmap) failed to map 268435456 bytes for G1 virtual space
# Possible reasons:
#   The system is out of physical RAM or swap space
#   The process is running with CompressedOops enabled, and the Java Heap may be blocking the growth of the native heap
# Possible solutions:
#   Reduce memory load on the system
#   Increase physical memory or swap space
#   Check if swap backing store is full
#   Decrease Java heap size (-Xmx/-Xms)
#   Decrease number of Java threads
#   Decrease Java thread stack sizes (-Xss)
#   Set larger code cache with -XX:ReservedCodeCacheSize=
#   JVM is running with Zero Based Compressed Oops mode in which the Java heap is
#     placed in the first 32GB address space. The Java Heap base address is the
#     maximum limit for the native heap growth. Please use -XX:HeapBaseMinAddress
#     to set the Java Heap base and to place the Java Heap above 32GB virtual address.
# This output file may be truncated or incomplete.
#
#  Out of Memory Error (os_windows.cpp:3541), pid=165364, tid=157760
#
# JRE version:  (17.0.5+9) (build )
# Java VM: Java HotSpot(TM) 64-Bit Server VM (17.0.5+9-LTS-191, mixed mode, emulated-client, sharing, tiered, compressed oops, compressed class ptrs, g1 gc, windows-amd64)
# No core dump will be written. Minidumps are not enabled by default on client versions of Windows
#

---------------  S U M M A R Y ------------

Command Line: -Dcom.sun.management.jmxremote -Dcom.sun.management.jmxremote.port=54313 -Dcom.sun.management.jmxremote.authenticate=false -Dcom.sun.management.jmxremote.ssl=false -Djava.rmi.server.hostname=localhost -Dspring.jmx.enabled=true -Dspring.liveBeansView.mbeanDomain -Dspring.application.admin.enabled=true -Xverify:none -XX:TieredStopAtLevel=1 -Dfile.encoding=UTF-8 com.microservice.inventoryservice.MicroserviceInventoryServiceApplication

Host: Intel(R) Xeon(R) Gold 6330 CPU @ 2.00GHz, 4 cores, 15G,  Windows 10 , 64 bit Build 19041 (10.0.19041.1889)
Time: Fri Jul 28 14:24:47 2023 India Standard Time elapsed time: 13.571725 seconds (0d 0h 0m 13s)

---------------  T H R E A D  ---------------

Current thread (0x0000017d061c53f0):  JavaThread "Unknown thread" [_thread_in_vm, id=157760, stack(0x0000003931b00000,0x0000003931c00000)]

Stack: [0x0000003931b00000,0x0000003931c00000]
Native frames: (J=compiled Java code, j=interpreted, Vv=VM code, C=native code)
V  [jvm.dll+0x672eea]
V  [jvm.dll+0x7d2a04]
V  [jvm.dll+0x7d41ae]
V  [jvm.dll+0x7d4813]
V  [jvm.dll+0x242c15]
V  [jvm.dll+0x66fe09]
V  [jvm.dll+0x664682]
V  [jvm.dll+0x300e8b]
V  [jvm.dll+0x308426]
V  [jvm.dll+0x357ffe]
V  [jvm.dll+0x35822f]
V  [jvm.dll+0x2d80a8]
V  [jvm.dll+0x2d9014]
V  [jvm.dll+0x7a44e1]
V  [jvm.dll+0x365df1]
V  [jvm.dll+0x7838fc]
V  [jvm.dll+0x3e873f]
V  [jvm.dll+0x3ea1e1]
C  [jli.dll+0x527b]
C  [ucrtbase.dll+0x21bb2]
C  [KERNEL32.DLL+0x17034]
C  [ntdll.dll+0x526a1]


---------------  P R O C E S S  ---------------

Threads class SMR info:
_java_thread_list=0x00007ffe56dda8d8, length=0, elements={
}

Java Threads: ( => current thread )

Other Threads:
  0x0000017d0622fa50 GCTaskThread "GC Thread#0" [stack: 0x0000003931c00000,0x0000003931d00000] [id=18100]
  0x0000017d06240990 ConcurrentGCThread "G1 Main Marker" [stack: 0x0000003931d00000,0x0000003931e00000] [id=143156]
  0x0000017d06242f20 ConcurrentGCThread "G1 Conc#0" [stack: 0x0000003931e00000,0x0000003931f00000] [id=20020]

[error occurred during error reporting (printing all threads), id 0xc0000005, EXCEPTION_ACCESS_VIOLATION (0xc0000005) at pc=0x00007ffe56628a97]

VM state: not at safepoint (not fully initialized)

VM Mutex/Monitor currently owned by a thread:  ([mutex/lock_event])
[0x0000017d061c2110] Heap_lock - owner thread: 0x0000017d061c53f0

Heap address: 0x0000000700000000, size: 4096 MB, Compressed Oops mode: Zero based, Oop shift amount: 3

CDS archive(s) mapped at: [0x0000000000000000-0x0000000000000000-0x0000000000000000), size 0, SharedBaseAddress: 0x0000000800000000, ArchiveRelocationMode: 0.
Narrow klass base: 0x0000000000000000, Narrow klass shift: 0, Narrow klass range: 0x0

GC Precious Log:
<Empty>

Heap:
 garbage-first heap   total 0K, used 0K [0x0000000700000000, 0x0000000800000000)
  region size 2048K, 0 young (0K), 0 survivors (0K)

[error occurred during error reporting (printing heap information), id 0xc0000005, EXCEPTION_ACCESS_VIOLATION (0xc0000005) at pc=0x00007ffe56a0c399]

GC Heap History (0 events):
No events

Deoptimization events (0 events):
No events

Classes unloaded (0 events):
No events

Classes redefined (0 events):
No events

Internal exceptions (0 events):
No events

VM Operations (0 events):
No events

Events (1 events):
Event: 0.015 Loaded shared library C:\Program Files\Java\jdk-17.0.5\bin\java.dll


Dynamic libraries:
0x00007ff70adc0000 - 0x00007ff70add0000 	C:\Program Files\Java\jdk-17.0.5\bin\javaw.exe
0x00007ffe9e6b0000 - 0x00007ffe9e8a8000 	C:\Windows\SYSTEM32\ntdll.dll
0x00007ffe9cfc0000 - 0x00007ffe9d07d000 	C:\Windows\System32\KERNEL32.DLL
0x00007ffe9c0c0000 - 0x00007ffe9c392000 	C:\Windows\System32\KERNELBASE.dll
0x00007ffe9c520000 - 0x00007ffe9c620000 	C:\Windows\System32\ucrtbase.dll
0x00007ffe84e50000 - 0x00007ffe84e68000 	C:\Program Files\Java\jdk-17.0.5\bin\jli.dll
0x00007ffe84e30000 - 0x00007ffe84e4a000 	C:\Program Files\Java\jdk-17.0.5\bin\VCRUNTIME140.dll
0x00007ffe9d290000 - 0x00007ffe9d33e000 	C:\Windows\System32\ADVAPI32.dll
0x00007ffe9e080000 - 0x00007ffe9e11e000 	C:\Windows\System32\msvcrt.dll
0x00007ffe9e180000 - 0x00007ffe9e21c000 	C:\Windows\System32\sechost.dll
0x00007ffe9c830000 - 0x00007ffe9c955000 	C:\Windows\System32\RPCRT4.dll
0x00007ffe9cac0000 - 0x00007ffe9cc5d000 	C:\Windows\System32\USER32.dll
0x00007ffe9c450000 - 0x00007ffe9c472000 	C:\Windows\System32\win32u.dll
0x00007ffe8fb30000 - 0x00007ffe8fdca000 	C:\Windows\WinSxS\amd64_microsoft.windows.common-controls_6595b64144ccf1df_6.0.19041.1110_none_60b5254171f9507e\COMCTL32.dll
0x00007ffe9e610000 - 0x00007ffe9e63b000 	C:\Windows\System32\GDI32.dll
0x00007ffe9bfb0000 - 0x00007ffe9c0bf000 	C:\Windows\System32\gdi32full.dll
0x00007ffe9c480000 - 0x00007ffe9c51d000 	C:\Windows\System32\msvcp_win.dll
0x00007ffe9ab50000 - 0x00007ffe9ab5a000 	C:\Windows\SYSTEM32\VERSION.dll
0x00007ffe9d490000 - 0x00007ffe9d4c0000 	C:\Windows\System32\IMM32.DLL
0x00007ffe9bb90000 - 0x00007ffe9bbc9000 	C:\Windows\system32\vmwsci.dll
0x00007ffe9d400000 - 0x00007ffe9d408000 	C:\Windows\System32\PSAPI.DLL
0x00007ffe902a0000 - 0x00007ffe902ac000 	C:\Program Files\Java\jdk-17.0.5\bin\vcruntime140_1.dll
0x00007ffe7c430000 - 0x00007ffe7c4bd000 	C:\Program Files\Java\jdk-17.0.5\bin\msvcp140.dll
0x00007ffe56340000 - 0x00007ffe56f02000 	C:\Program Files\Java\jdk-17.0.5\bin\server\jvm.dll
0x00007ffe915e0000 - 0x00007ffe91607000 	C:\Windows\SYSTEM32\WINMM.dll
0x00007ffe85cc0000 - 0x00007ffe85cc9000 	C:\Windows\SYSTEM32\WSOCK32.dll
0x00007ffe9e340000 - 0x00007ffe9e3ab000 	C:\Windows\System32\WS2_32.dll
0x00007ffe9ab10000 - 0x00007ffe9ab22000 	C:\Windows\SYSTEM32\kernel.appcore.dll
0x00007ffe8f860000 - 0x00007ffe8f86a000 	C:\Program Files\Java\jdk-17.0.5\bin\jimage.dll
0x00007ffe99f70000 - 0x00007ffe9a154000 	C:\Windows\SYSTEM32\DBGHELP.DLL
0x00007ffe89b00000 - 0x00007ffe89b2c000 	C:\Windows\SYSTEM32\dbgcore.DLL
0x00007ffe9bdc0000 - 0x00007ffe9be42000 	C:\Windows\System32\bcryptPrimitives.dll
0x00007ffe84d30000 - 0x00007ffe84d55000 	C:\Program Files\Java\jdk-17.0.5\bin\java.dll

dbghelp: loaded successfully - version: 4.0.5 - missing functions: none
symbol engine: initialized successfully - sym options: 0x614 - pdb path: .;C:\Program Files\Java\jdk-17.0.5\bin;C:\Windows\SYSTEM32;C:\Windows\WinSxS\amd64_microsoft.windows.common-controls_6595b64144ccf1df_6.0.19041.1110_none_60b5254171f9507e;C:\Program Files\Java\jdk-17.0.5\bin\server

VM Arguments:
jvm_args: -Dcom.sun.management.jmxremote -Dcom.sun.management.jmxremote.port=54313 -Dcom.sun.management.jmxremote.authenticate=false -Dcom.sun.management.jmxremote.ssl=false -Djava.rmi.server.hostname=localhost -Dspring.jmx.enabled=true -Dspring.liveBeansView.mbeanDomain -Dspring.application.admin.enabled=true -Xverify:none -XX:TieredStopAtLevel=1 -Dfile.encoding=UTF-8 
java_command: com.microservice.inventoryservice.MicroserviceInventoryServiceApplication
java_class_path (initial): E:\Java-Workspace-Spring-tool-suite\microservice-inventory-service\target\classes;C:\Users\shrikantkh\.m2\repository\org\springframework\boot\spring-boot-starter-data-jpa\3.0.6\spring-boot-starter-data-jpa-3.0.6.jar;C:\Users\shrikantkh\.m2\repository\org\springframework\boot\spring-boot-starter-aop\3.0.6\spring-boot-starter-aop-3.0.6.jar;C:\Users\shrikantkh\.m2\repository\org\springframework\spring-aop\6.0.8\spring-aop-6.0.8.jar;C:\Users\shrikantkh\.m2\repository\org\aspectj\aspectjweaver\1.9.19\aspectjweaver-1.9.19.jar;C:\Users\shrikantkh\.m2\repository\org\springframework\boot\spring-boot-starter-jdbc\3.0.6\spring-boot-starter-jdbc-3.0.6.jar;C:\Users\shrikantkh\.m2\repository\com\zaxxer\HikariCP\5.0.1\HikariCP-5.0.1.jar;C:\Users\shrikantkh\.m2\repository\org\springframework\spring-jdbc\6.0.8\spring-jdbc-6.0.8.jar;C:\Users\shrikantkh\.m2\repository\org\hibernate\orm\hibernate-core\6.1.7.Final\hibernate-core-6.1.7.Final.jar;C:\Users\shrikantkh\.m2\repository\jakarta\persistence\jakarta.persistence-api\3.1.0\jakarta.persistence-api-3.1.0.jar;C:\Users\shrikantkh\.m2\repository\jakarta\transaction\jakarta.transaction-api\2.0.1\jakarta.transaction-api-2.0.1.jar;C:\Users\shrikantkh\.m2\repository\org\jboss\logging\jboss-logging\3.5.0.Final\jboss-logging-3.5.0.Final.jar;C:\Users\shrikantkh\.m2\repository\org\hibernate\common\hibernate-commons-annotations\6.0.6.Final\hibernate-commons-annotations-6.0.6.Final.jar;C:\Users\shrikantkh\.m2\repository\org\jboss\jandex\2.4.2.Final\jandex-2.4.2.Final.jar;C:\Users\shrikantkh\.m2\repository\com\fasterxml\classmate\1.5.1\classmate-1.5.1.jar;C:\Users\shrikantkh\.m2\repository\net\bytebuddy\byte-buddy\1.12.23\byte-buddy-1.12.23.jar;C:\Users\shrikantkh\.m2\repository\org\glassfish\jaxb\jaxb-runtime\4.0.2\jaxb-runtime-4.0.2.jar;C:\Users\shrikantkh\.m2\repository\org\glassfish\jaxb\jaxb-core\4.0.2\jaxb-core-4.0.2.jar;C:\Users\shrikantkh\.m2\repository\org\eclipse\angus\angus-activation\2.0.0\angus-activation-
Launcher Type: SUN_STANDARD

[Global flags]
     intx CICompilerCount                          = 3                                         {product} {ergonomic}
     uint ConcGCThreads                            = 1                                         {product} {ergonomic}
     uint G1ConcRefinementThreads                  = 4                                         {product} {ergonomic}
   size_t G1HeapRegionSize                         = 2097152                                   {product} {ergonomic}
    uintx GCDrainStackTargetSize                   = 64                                        {product} {ergonomic}
   size_t InitialHeapSize                          = 268435456                                 {product} {ergonomic}
     bool ManagementServer                         = true                                      {product} {command line}
   size_t MarkStackSize                            = 4194304                                   {product} {ergonomic}
   size_t MaxHeapSize                              = 4294967296                                {product} {ergonomic}
   size_t MinHeapDeltaBytes                        = 2097152                                   {product} {ergonomic}
   size_t MinHeapSize                              = 8388608                                   {product} {ergonomic}
    uintx NonProfiledCodeHeapSize                  = 0                                      {pd product} {ergonomic}
     bool ProfileInterpreter                       = false                                  {pd product} {command line}
    uintx ProfiledCodeHeapSize                     = 0                                      {pd product} {ergonomic}
   size_t SoftMaxHeapSize                          = 4294967296                             {manageable} {ergonomic}
     intx TieredStopAtLevel                        = 1                                         {product} {command line}
     bool UseCompressedClassPointers               = true                           {product lp64_product} {ergonomic}
     bool UseCompressedOops                        = true                           {product lp64_product} {ergonomic}
     bool UseG1GC                                  = true                                      {product} {ergonomic}
     bool UseLargePagesIndividualAllocation        = false                                  {pd product} {ergonomic}

Logging:
Log output configuration:
 #0: stdout all=warning uptime,level,tags
 #1: stderr all=off uptime,level,tags

Environment Variables:
JAVA_HOME=C:\Program Files\Java\jdk-11.0.15
PATH=C:\Program Files\Common Files\Oracle\Java\javapath;C:\Windows\system32;C:\Windows;C:\Windows\System32\Wbem;C:\Windows\System32\WindowsPowerShell\v1.0\;C:\Windows\System32\OpenSSH\;C:\Program Files\Microsoft VS Code\bin;C:\Program Files\nodejs\;C:\Program Files\Git\cmd;C:\Program Files (x86)\CheckPoint\Endpoint Security\Endpoint Common\bin;C:\Program Files\Java\jdk-11.0.15\bin;C:\sonar-scanner-4.0.0.1744-windows\bin;E:\apache-maven-3.6.3\bin;C:\Program Files\MongoDB\Server\5.0\bin;C:\Users\shrikantkh\AppData\Local\Programs\Python\Python310\Scripts\;C:\Users\shrikantkh\AppData\Local\Programs\Python\Python310\;C:\Users\shrikantkh\AppData\Local\Microsoft\WindowsApps;C:\Users\shrikantkh\AppData\Roaming\npm;C:\Program Files\JetBrains\PyCharm Community Edition 2022.2.1\bin;;C:\Program Files\JetBrains\IntelliJ IDEA Community Edition 2021.2.3\bin;;
USERNAME=shrikantkh
OS=Windows_NT
PROCESSOR_IDENTIFIER=Intel64 Family 6 Model 106 Stepping 6, GenuineIntel



---------------  S Y S T E M  ---------------

OS:
 Windows 10 , 64 bit Build 19041 (10.0.19041.1889)
OS uptime: 22 days 22:00 hours
VMWare virtualization detected

CPU: total 4 (initial active 4) (2 cores per cpu, 1 threads per core) family 6 model 106 stepping 6 microcode 0xd000363, cx8, cmov, fxsr, mmx, 3dnowpref, sse, sse2, sse3, ssse3, sse4.1, sse4.2, popcnt, lzcnt, tsc, tscinvbit, avx, avx2, aes, erms, clmul, bmi1, bmi2, adx, avx512f, avx512dq, avx512cd, avx512bw, avx512vl, sha, fma, vzeroupper, avx512_vpopcntdq, avx512_vpclmulqdq, avx512_vaes, avx512_vnni, clflush, clflushopt, clwb, avx512_vbmi2, avx512_vbmi, hv

Memory: 4k page, system-wide physical 16383M (184M free)
TotalPageFile size 29112M (AvailPageFile size 149M)
current process WorkingSet (physical memory assigned to process): 11M, peak: 11M
current process commit charge ("private bytes"): 47M, peak: 303M

vm_info: Java HotSpot(TM) 64-Bit Server VM (17.0.5+9-LTS-191) for windows-amd64 JRE (17.0.5+9-LTS-191), built on Sep 13 2022 17:31:43 by "mach5one" with MS VC++ 16.8 / 16.9 (VS2019)

END.
