#
# There is insufficient memory for the Java Runtime Environment to continue.
# Native memory allocation (mmap) failed to map 98566144 bytes for G1 virtual space
# Possible reasons:
#   The system is out of physical RAM or swap space
#   The process is running with CompressedOops enabled, and the Java Heap may be blocking the growth of the native heap
# Possible solutions:
#   Reduce memory load on the system
#   Increase physical memory or swap space
#   Check if swap backing store is full
#   Decrease Java heap size (-Xmx/-Xms)
#   Decrease number of Java threads
#   Decrease Java thread stack sizes (-Xss)
#   Set larger code cache with -XX:ReservedCodeCacheSize=
#   JVM is running with Zero Based Compressed Oops mode in which the Java heap is
#     placed in the first 32GB address space. The Java Heap base address is the
#     maximum limit for the native heap growth. Please use -XX:HeapBaseMinAddress
#     to set the Java Heap base and to place the Java Heap above 32GB virtual address.
# This output file may be truncated or incomplete.
#
#  Out of Memory Error (os_windows.cpp:3541), pid=22464, tid=122388
#
# JRE version: Java(TM) SE Runtime Environment (17.0.5+9) (build 17.0.5+9-LTS-191)
# Java VM: Java HotSpot(TM) 64-Bit Server VM (17.0.5+9-LTS-191, mixed mode, emulated-client, sharing, tiered, compressed oops, compressed class ptrs, g1 gc, windows-amd64)
# No core dump will be written. Minidumps are not enabled by default on client versions of Windows
#

---------------  S U M M A R Y ------------

Command Line: -Dcom.sun.management.jmxremote -Dcom.sun.management.jmxremote.port=53443 -Dcom.sun.management.jmxremote.authenticate=false -Dcom.sun.management.jmxremote.ssl=false -Djava.rmi.server.hostname=localhost -Dspring.jmx.enabled=true -Dspring.liveBeansView.mbeanDomain -Dspring.application.admin.enabled=true -Xverify:none -XX:TieredStopAtLevel=1 -Dfile.encoding=UTF-8 com.microservice.productservice.MicroserviceProductServiceApplication

Host: Intel(R) Xeon(R) Gold 6330 CPU @ 2.00GHz, 4 cores, 15G,  Windows 10 , 64 bit Build 19041 (10.0.19041.1889)
Time: Fri Jul 28 14:31:56 2023 India Standard Time elapsed time: 1140.169511 seconds (0d 0h 19m 0s)

---------------  T H R E A D  ---------------

Current thread (0x00000150b224d480):  VMThread "VM Thread" [stack: 0x0000004d5b700000,0x0000004d5b800000] [id=122388]

Stack: [0x0000004d5b700000,0x0000004d5b800000]
Native frames: (J=compiled Java code, j=interpreted, Vv=VM code, C=native code)
V  [jvm.dll+0x672eea]
V  [jvm.dll+0x7d2a04]
V  [jvm.dll+0x7d41ae]
V  [jvm.dll+0x7d4813]
V  [jvm.dll+0x242c15]
V  [jvm.dll+0x66fe09]
V  [jvm.dll+0x664682]
V  [jvm.dll+0x300e8b]
V  [jvm.dll+0x308426]
V  [jvm.dll+0x357ffe]
V  [jvm.dll+0x35822f]
V  [jvm.dll+0x2d80a8]
V  [jvm.dll+0x2db126]
V  [jvm.dll+0x2e5778]
V  [jvm.dll+0x319600]
V  [jvm.dll+0x7d8ceb]
V  [jvm.dll+0x7d9a24]
V  [jvm.dll+0x7d9f3c]
V  [jvm.dll+0x7da314]
V  [jvm.dll+0x7da3e0]
V  [jvm.dll+0x782b4a]
V  [jvm.dll+0x671d75]
C  [ucrtbase.dll+0x21bb2]
C  [KERNEL32.DLL+0x17034]
C  [ntdll.dll+0x526a1]

VM_Operation (0x0000004d5b3ff570): G1Concurrent, mode: safepoint, requested by thread 0x000001509bf8cf50


---------------  P R O C E S S  ---------------

Threads class SMR info:
_java_thread_list=0x00000150b6da9140, length=52, elements={
0x00000150b22537e0, 0x00000150b2254610, 0x00000150b2263350, 0x00000150b2265c20,
0x00000150b22709f0, 0x00000150b2278f80, 0x00000150b2c00080, 0x00000150b2c00980,
0x00000150b2279450, 0x00000150b2279920, 0x00000150b2278110, 0x00000150b2279df0,
0x00000150b2276dd0, 0x00000150b2277c40, 0x00000150b55168b0, 0x00000150b2278ab0,
0x00000150b693d550, 0x00000150b550f060, 0x00000150b693aed0, 0x00000150b693da20,
0x00000150b693cbb0, 0x00000150b6940570, 0x00000150b693b870, 0x00000150b693def0,
0x00000150b693f230, 0x00000150b693aa00, 0x00000150b693d080, 0x00000150b69418b0,
0x00000150b6940a40, 0x00000150b69400a0, 0x00000150b69413e0, 0x00000150b693f700,
0x00000150b693c6e0, 0x00000150b693a530, 0x00000150b693b3a0, 0x00000150b693e3c0,
0x00000150b693ed60, 0x00000150b693bd40, 0x00000150b55150a0, 0x00000150b5515f10,
0x00000150b55116e0, 0x00000150b5512550, 0x00000150b5512080, 0x00000150b5512ef0,
0x00000150b550fa00, 0x00000150b55103a0, 0x00000150b5515570, 0x00000150b5515a40,
0x00000150b55133c0, 0x00000150b55163e0, 0x00000150b5513d60, 0x00000150b5514230
}

Java Threads: ( => current thread )
  0x00000150b22537e0 JavaThread "Reference Handler" daemon [_thread_blocked, id=19652, stack(0x0000004d5b800000,0x0000004d5b900000)]
  0x00000150b2254610 JavaThread "Finalizer" daemon [_thread_blocked, id=153740, stack(0x0000004d5b900000,0x0000004d5ba00000)]
  0x00000150b2263350 JavaThread "Signal Dispatcher" daemon [_thread_blocked, id=163064, stack(0x0000004d5ba00000,0x0000004d5bb00000)]
  0x00000150b2265c20 JavaThread "Attach Listener" daemon [_thread_blocked, id=158916, stack(0x0000004d5bb00000,0x0000004d5bc00000)]
  0x00000150b22709f0 JavaThread "Service Thread" daemon [_thread_blocked, id=150584, stack(0x0000004d5bc00000,0x0000004d5bd00000)]
  0x00000150b2278f80 JavaThread "Monitor Deflation Thread" daemon [_thread_blocked, id=9464, stack(0x0000004d5bd00000,0x0000004d5be00000)]
  0x00000150b2c00080 JavaThread "C1 CompilerThread0" daemon [_thread_blocked, id=154748, stack(0x0000004d5be00000,0x0000004d5bf00000)]
  0x00000150b2c00980 JavaThread "Sweeper thread" daemon [_thread_blocked, id=155660, stack(0x0000004d5bf00000,0x0000004d5c000000)]
  0x00000150b2279450 JavaThread "Common-Cleaner" daemon [_thread_blocked, id=17652, stack(0x0000004d5c000000,0x0000004d5c100000)]
  0x00000150b2279920 JavaThread "Notification Thread" daemon [_thread_blocked, id=78828, stack(0x0000004d5c200000,0x0000004d5c300000)]
  0x00000150b2278110 JavaThread "RMI TCP Accept-0" daemon [_thread_in_native, id=150736, stack(0x0000004d5c800000,0x0000004d5c900000)]
  0x00000150b2279df0 JavaThread "RMI TCP Accept-53443" daemon [_thread_in_native, id=11592, stack(0x0000004d5c900000,0x0000004d5ca00000)]
  0x00000150b2276dd0 JavaThread "RMI TCP Accept-0" daemon [_thread_in_native, id=165032, stack(0x0000004d5ca00000,0x0000004d5cb00000)]
  0x00000150b2277c40 JavaThread "BufferPoolPruner-1-thread-1" daemon [_thread_blocked, id=23000, stack(0x0000004d5d100000,0x0000004d5d200000)]
  0x00000150b55168b0 JavaThread "DestroyJavaVM" [_thread_blocked, id=167748, stack(0x0000004d5b100000,0x0000004d5b200000)]
  0x00000150b2278ab0 JavaThread "boundedElastic-evictor-1" daemon [_thread_blocked, id=164448, stack(0x0000004d5af00000,0x0000004d5b000000)]
  0x00000150b693d550 JavaThread "pool-10-thread-1" daemon [_thread_blocked, id=163744, stack(0x0000004d5b000000,0x0000004d5b100000)]
  0x00000150b550f060 JavaThread "pool-17-thread-1" daemon [_thread_blocked, id=65300, stack(0x0000004d5ae00000,0x0000004d5af00000)]
  0x00000150b693aed0 JavaThread "Catalina-utility-1" [_thread_blocked, id=105404, stack(0x0000004d5cc00000,0x0000004d5cd00000)]
  0x00000150b693da20 JavaThread "Catalina-utility-2" [_thread_blocked, id=17696, stack(0x0000004d5ce00000,0x0000004d5cf00000)]
  0x00000150b693cbb0 JavaThread "container-0" [_thread_blocked, id=153948, stack(0x0000004d5cf00000,0x0000004d5d000000)]
  0x00000150b6940570 JavaThread "cluster-ClusterId{value='64c3815c62cf901f1ef8ca86', description='null'}-localhost:27017" daemon [_thread_blocked, id=165952, stack(0x0000004d5d000000,0x0000004d5d100000)]
  0x00000150b693b870 JavaThread "cluster-rtt-ClusterId{value='64c3815c62cf901f1ef8ca86', description='null'}-localhost:27017" daemon [_thread_blocked, id=164372, stack(0x0000004d5d200000,0x0000004d5d300000)]
  0x00000150b693def0 JavaThread "MaintenanceTimer-5-thread-1" daemon [_thread_blocked, id=144196, stack(0x0000004d5d300000,0x0000004d5d400000)]
  0x00000150b693f230 JavaThread "spring.cloud.inetutils" daemon [_thread_blocked, id=167140, stack(0x0000004d5d500000,0x0000004d5d600000)]
  0x00000150b693aa00 JavaThread "File Watcher" daemon [_thread_blocked, id=5292, stack(0x0000004d5d700000,0x0000004d5d800000)]
  0x00000150b693d080 JavaThread "AsyncResolver-bootstrap-0" daemon [_thread_blocked, id=9184, stack(0x0000004d5d800000,0x0000004d5d900000)]
  0x00000150b69418b0 JavaThread "DiscoveryClient-0" daemon [_thread_blocked, id=165612, stack(0x0000004d5da00000,0x0000004d5db00000)]
  0x00000150b6940a40 JavaThread "DiscoveryClient-1" daemon [_thread_blocked, id=153828, stack(0x0000004d5db00000,0x0000004d5dc00000)]
  0x00000150b69400a0 JavaThread "DiscoveryClient-InstanceInfoReplicator-0" daemon [_thread_blocked, id=148368, stack(0x0000004d5dc00000,0x0000004d5dd00000)]
  0x00000150b69413e0 JavaThread "http-nio-7171-exec-1" daemon [_thread_in_native, id=125892, stack(0x0000004d5dd00000,0x0000004d5de00000)]
  0x00000150b693f700 JavaThread "http-nio-7171-exec-2" daemon [_thread_in_native, id=146696, stack(0x0000004d5de00000,0x0000004d5df00000)]
  0x00000150b693c6e0 JavaThread "http-nio-7171-exec-3" daemon [_thread_in_native, id=153564, stack(0x0000004d5df00000,0x0000004d5e000000)]
  0x00000150b693a530 JavaThread "http-nio-7171-exec-4" daemon [_thread_in_native, id=20696, stack(0x0000004d5e000000,0x0000004d5e100000)]
  0x00000150b693b3a0 JavaThread "http-nio-7171-exec-5" daemon [_thread_blocked, id=154760, stack(0x0000004d5e100000,0x0000004d5e200000)]
  0x00000150b693e3c0 JavaThread "http-nio-7171-exec-6" daemon [_thread_in_native, id=165556, stack(0x0000004d5e200000,0x0000004d5e300000)]
  0x00000150b693ed60 JavaThread "http-nio-7171-exec-7" daemon [_thread_in_native, id=166544, stack(0x0000004d5e300000,0x0000004d5e400000)]
  0x00000150b693bd40 JavaThread "http-nio-7171-exec-8" daemon [_thread_in_native, id=164960, stack(0x0000004d5e500000,0x0000004d5e600000)]
  0x00000150b55150a0 JavaThread "http-nio-7171-exec-9" daemon [_thread_in_native, id=165656, stack(0x0000004d5e600000,0x0000004d5e700000)]
  0x00000150b5515f10 JavaThread "http-nio-7171-exec-10" daemon [_thread_in_native, id=163624, stack(0x0000004d5e700000,0x0000004d5e800000)]
  0x00000150b55116e0 JavaThread "http-nio-7171-Poller" daemon [_thread_blocked, id=11672, stack(0x0000004d5e800000,0x0000004d5e900000)]
  0x00000150b5512550 JavaThread "http-nio-7171-Acceptor" daemon [_thread_in_native, id=127548, stack(0x0000004d5e900000,0x0000004d5ea00000)]
  0x00000150b5512080 JavaThread "registrationTask1" [_thread_blocked, id=167432, stack(0x0000004d5ea00000,0x0000004d5eb00000)]
  0x00000150b5512ef0 JavaThread "pool-30-thread-1" daemon [_thread_blocked, id=156068, stack(0x0000004d5d900000,0x0000004d5da00000)]
  0x00000150b550fa00 JavaThread "DiscoveryClient-HeartbeatExecutor-0" daemon [_thread_blocked, id=164084, stack(0x0000004d5cd00000,0x0000004d5ce00000)]
  0x00000150b55103a0 JavaThread "DiscoveryClient-CacheRefreshExecutor-0" daemon [_thread_blocked, id=163536, stack(0x0000004d5ec00000,0x0000004d5ed00000)]
  0x00000150b5515570 JavaThread "AsyncResolver-bootstrap-executor-0" daemon [_thread_blocked, id=17260, stack(0x0000004d5eb00000,0x0000004d5ec00000)]
  0x00000150b5515a40 JavaThread "boundedElastic-3" daemon [_thread_blocked, id=166852, stack(0x0000004d5ee00000,0x0000004d5ef00000)]
  0x00000150b55133c0 JavaThread "http-nio-7171-exec-11" daemon [_thread_in_native, id=167452, stack(0x0000004d5ed00000,0x0000004d5ee00000)]
  0x00000150b55163e0 JavaThread "http-nio-7171-exec-12" daemon [_thread_in_native, id=165092, stack(0x0000004d5f000000,0x0000004d5f100000)]
  0x00000150b5513d60 JavaThread "http-nio-7171-exec-13" daemon [_thread_in_native, id=163864, stack(0x0000004d5ef00000,0x0000004d5f000000)]
  0x00000150b5514230 JavaThread "http-nio-7171-exec-14" daemon [_thread_in_native, id=3068, stack(0x0000004d5f200000,0x0000004d5f300000)]

Other Threads:
=>0x00000150b224d480 VMThread "VM Thread" [stack: 0x0000004d5b700000,0x0000004d5b800000] [id=122388]
  0x00000150b33a1500 WatcherThread [stack: 0x0000004d5cb00000,0x0000004d5cc00000] [id=167720]
  0x000001509bf7c010 GCTaskThread "GC Thread#0" [stack: 0x0000004d5b200000,0x0000004d5b300000] [id=167272]
  0x00000150b32fd490 GCTaskThread "GC Thread#1" [stack: 0x0000004d5c300000,0x0000004d5c400000] [id=159856]
  0x00000150b32fd9d0 GCTaskThread "GC Thread#2" [stack: 0x0000004d5c400000,0x0000004d5c500000] [id=167372]
  0x00000150b331aab0 GCTaskThread "GC Thread#3" [stack: 0x0000004d5c500000,0x0000004d5c600000] [id=163936]
  0x000001509bf8cf50 ConcurrentGCThread "G1 Main Marker" [stack: 0x0000004d5b300000,0x0000004d5b400000] [id=21472]
  0x000001509bf8f4e0 ConcurrentGCThread "G1 Conc#0" [stack: 0x0000004d5b400000,0x0000004d5b500000] [id=148752]
  0x00000150b210a510 ConcurrentGCThread "G1 Refine#0" [stack: 0x0000004d5b500000,0x0000004d5b600000] [id=167476]
  0x00000150b3315150 ConcurrentGCThread "G1 Refine#1" [stack: 0x0000004d5c600000,0x0000004d5c700000] [id=162268]
  0x00000150b544f7f0 ConcurrentGCThread "G1 Refine#2" [stack: 0x0000004d5d600000,0x0000004d5d700000] [id=164752]
  0x00000150b5450370 ConcurrentGCThread "G1 Refine#3" [stack: 0x0000004d5e400000,0x0000004d5e500000] [id=123892]
  0x00000150b210cf40 ConcurrentGCThread "G1 Service" [stack: 0x0000004d5b600000,0x0000004d5b700000] [id=65744]

Threads with active compile tasks:

VM state: at safepoint (normal execution)

VM Mutex/Monitor currently owned by a thread:  ([mutex/lock_event])
[0x000001509bf0dc40] Threads_lock - owner thread: 0x00000150b224d480
[0x000001509bf0eff0] Heap_lock - owner thread: 0x000001509bf8cf50

Heap address: 0x0000000700000000, size: 4096 MB, Compressed Oops mode: Zero based, Oop shift amount: 3

CDS archive(s) mapped at: [0x0000000800000000-0x0000000800bd0000-0x0000000800bd0000), size 12386304, SharedBaseAddress: 0x0000000800000000, ArchiveRelocationMode: 0.
Compressed class space mapped at: 0x0000000800c00000-0x0000000840c00000, reserved size: 1073741824
Narrow klass base: 0x0000000800000000, Narrow klass shift: 0, Narrow klass range: 0x100000000

GC Precious Log:
 CPUs: 4 total, 4 available
 Memory: 16383M
 Large Page Support: Disabled
 NUMA Support: Disabled
 Compressed Oops: Enabled (Zero based)
 Heap Region Size: 2M
 Heap Min Capacity: 8M
 Heap Initial Capacity: 256M
 Heap Max Capacity: 4G
 Pre-touch: Disabled
 Parallel Workers: 4
 Concurrent Workers: 1
 Concurrent Refinement Workers: 4
 Periodic GC: Disabled

Heap:
 garbage-first heap   total 153600K, used 142192K [0x0000000700000000, 0x0000000800000000)
  region size 2048K, 2 young (4096K), 1 survivors (2048K)
 Metaspace       used 49546K, committed 50240K, reserved 1097728K
  class space    used 7016K, committed 7360K, reserved 1048576K

Heap Regions: E=young(eden), S=young(survivor), O=old, HS=humongous(starts), HC=humongous(continues), CS=collection set, F=free, OA=open archive, CA=closed archive, TAMS=top-at-mark-start (previous, next)
|   0|0x0000000700000000, 0x0000000700200000, 0x0000000700200000|100%| O|  |TAMS 0x0000000700200000, 0x0000000700000000| Untracked 
|   1|0x0000000700200000, 0x0000000700400000, 0x0000000700400000|100%| O|  |TAMS 0x0000000700400000, 0x0000000700200000| Untracked 
|   2|0x0000000700400000, 0x0000000700600000, 0x0000000700600000|100%| O|  |TAMS 0x0000000700600000, 0x0000000700400000| Untracked 
|   3|0x0000000700600000, 0x00000007007fffe8, 0x0000000700800000| 99%| O|  |TAMS 0x00000007007fffe8, 0x0000000700600000| Untracked 
|   4|0x0000000700800000, 0x0000000700800000, 0x0000000700a00000|  0%| F|  |TAMS 0x0000000700800000, 0x0000000700800000| Untracked 
|   5|0x0000000700a00000, 0x0000000700bffff0, 0x0000000700c00000| 99%| O|  |TAMS 0x0000000700bffff0, 0x0000000700a00000| Untracked 
|   6|0x0000000700c00000, 0x0000000700e00000, 0x0000000700e00000|100%| O|  |TAMS 0x0000000700e00000, 0x0000000700c00000| Untracked 
|   7|0x0000000700e00000, 0x0000000700fffff0, 0x0000000701000000| 99%| O|  |TAMS 0x0000000700fffff0, 0x0000000700e00000| Untracked 
|   8|0x0000000701000000, 0x00000007011ffff8, 0x0000000701200000| 99%| O|  |TAMS 0x00000007011ffff8, 0x0000000701000000| Untracked 
|   9|0x0000000701200000, 0x0000000701400000, 0x0000000701400000|100%| O|  |TAMS 0x0000000701400000, 0x0000000701200000| Untracked 
|  10|0x0000000701400000, 0x00000007015fffe8, 0x0000000701600000| 99%| O|  |TAMS 0x00000007015fffe8, 0x0000000701400000| Untracked 
|  11|0x0000000701600000, 0x00000007017fffd8, 0x0000000701800000| 99%| O|  |TAMS 0x00000007017fffd8, 0x0000000701600000| Untracked 
|  12|0x0000000701800000, 0x00000007019fffe0, 0x0000000701a00000| 99%| O|  |TAMS 0x00000007019fffe0, 0x0000000701800000| Untracked 
|  13|0x0000000701a00000, 0x0000000701bfffe8, 0x0000000701c00000| 99%| O|  |TAMS 0x0000000701bfffe8, 0x0000000701a00000| Updating 
|  14|0x0000000701c00000, 0x0000000701e00000, 0x0000000701e00000|100%| O|  |TAMS 0x0000000701e00000, 0x0000000701c00000| Updating 
|  15|0x0000000701e00000, 0x0000000701fffff8, 0x0000000702000000| 99%| O|  |TAMS 0x0000000701fffff8, 0x0000000701e00000| Updating 
|  16|0x0000000702000000, 0x00000007021ffff0, 0x0000000702200000| 99%| O|  |TAMS 0x00000007021ffff0, 0x0000000702000000| Updating 
|  17|0x0000000702200000, 0x00000007022f5c90, 0x0000000702400000| 48%| O|  |TAMS 0x00000007022f5c90, 0x0000000702200000| Updating 
|  18|0x0000000702400000, 0x0000000702557458, 0x0000000702600000| 67%| O|  |TAMS 0x0000000702557458, 0x0000000702400000| Updating 
|  19|0x0000000702600000, 0x0000000702640bb8, 0x0000000702800000| 12%| O|  |TAMS 0x0000000702640bb8, 0x0000000702600000| Updating 
|  20|0x0000000702800000, 0x0000000702a00000, 0x0000000702a00000|100%| O|  |TAMS 0x0000000702a00000, 0x0000000702800000| Untracked 
|  21|0x0000000702a00000, 0x0000000702c00000, 0x0000000702c00000|100%| O|  |TAMS 0x0000000702a9ec00, 0x0000000702a00000| Untracked 
|  22|0x0000000702c00000, 0x0000000702e00000, 0x0000000702e00000|100%|HS|  |TAMS 0x0000000702e00000, 0x0000000702c00000| Complete 
|  23|0x0000000702e00000, 0x0000000703000000, 0x0000000703000000|100%|HS|  |TAMS 0x0000000703000000, 0x0000000702e00000| Complete 
|  24|0x0000000703000000, 0x0000000703200000, 0x0000000703200000|100%|HC|  |TAMS 0x0000000703200000, 0x0000000703000000| Complete 
|  25|0x0000000703200000, 0x0000000703400000, 0x0000000703400000|100%|HS|  |TAMS 0x0000000703400000, 0x0000000703200000| Complete 
|  26|0x0000000703400000, 0x0000000703600000, 0x0000000703600000|100%|HC|  |TAMS 0x0000000703600000, 0x0000000703400000| Complete 
|  27|0x0000000703600000, 0x0000000703800000, 0x0000000703800000|100%| O|  |TAMS 0x0000000703600000, 0x0000000703600000| Untracked 
|  28|0x0000000703800000, 0x0000000703a00000, 0x0000000703a00000|100%| O|  |TAMS 0x0000000703800000, 0x0000000703800000| Untracked 
|  29|0x0000000703a00000, 0x0000000703c00000, 0x0000000703c00000|100%|HS|  |TAMS 0x0000000703a00000, 0x0000000703a00000| Complete 
|  30|0x0000000703c00000, 0x0000000703e00000, 0x0000000703e00000|100%|HC|  |TAMS 0x0000000703c00000, 0x0000000703c00000| Complete 
|  31|0x0000000703e00000, 0x0000000704000000, 0x0000000704000000|100%|HS|  |TAMS 0x0000000703e00000, 0x0000000703e00000| Complete 
|  32|0x0000000704000000, 0x0000000704200000, 0x0000000704200000|100%|HC|  |TAMS 0x0000000704000000, 0x0000000704000000| Complete 
|  33|0x0000000704200000, 0x00000007042cdc00, 0x0000000704400000| 40%| O|  |TAMS 0x0000000704200000, 0x0000000704200000| Updating 
|  34|0x0000000704400000, 0x0000000704600000, 0x0000000704600000|100%|HS|  |TAMS 0x0000000704400000, 0x0000000704400000| Complete 
|  35|0x0000000704600000, 0x0000000704800000, 0x0000000704800000|100%|HC|  |TAMS 0x0000000704600000, 0x0000000704600000| Complete 
|  36|0x0000000704800000, 0x0000000704a00000, 0x0000000704a00000|100%|HS|  |TAMS 0x0000000704800000, 0x0000000704800000| Complete 
|  37|0x0000000704a00000, 0x0000000704c00000, 0x0000000704c00000|100%|HC|  |TAMS 0x0000000704a00000, 0x0000000704a00000| Complete 
|  38|0x0000000704c00000, 0x0000000704e00000, 0x0000000704e00000|100%|HS|  |TAMS 0x0000000704c00000, 0x0000000704c00000| Complete 
|  39|0x0000000704e00000, 0x0000000705000000, 0x0000000705000000|100%|HC|  |TAMS 0x0000000704e00000, 0x0000000704e00000| Complete 
|  40|0x0000000705000000, 0x0000000705200000, 0x0000000705200000|100%|HS|  |TAMS 0x0000000705000000, 0x0000000705000000| Complete 
|  41|0x0000000705200000, 0x0000000705400000, 0x0000000705400000|100%|HC|  |TAMS 0x0000000705200000, 0x0000000705200000| Complete 
|  42|0x0000000705400000, 0x0000000705600000, 0x0000000705600000|100%|HS|  |TAMS 0x0000000705400000, 0x0000000705400000| Complete 
|  43|0x0000000705600000, 0x0000000705800000, 0x0000000705800000|100%|HC|  |TAMS 0x0000000705600000, 0x0000000705600000| Complete 
|  44|0x0000000705800000, 0x0000000705a00000, 0x0000000705a00000|100%|HC|  |TAMS 0x0000000705800000, 0x0000000705800000| Complete 
|  45|0x0000000705a00000, 0x0000000705c00000, 0x0000000705c00000|100%|HS|  |TAMS 0x0000000705a00000, 0x0000000705a00000| Complete 
|  46|0x0000000705c00000, 0x0000000705e00000, 0x0000000705e00000|100%|HC|  |TAMS 0x0000000705c00000, 0x0000000705c00000| Complete 
|  47|0x0000000705e00000, 0x0000000706000000, 0x0000000706000000|100%|HS|  |TAMS 0x0000000705e00000, 0x0000000705e00000| Complete 
|  48|0x0000000706000000, 0x0000000706200000, 0x0000000706200000|100%|HC|  |TAMS 0x0000000706000000, 0x0000000706000000| Complete 
|  49|0x0000000706200000, 0x0000000706400000, 0x0000000706400000|100%|HS|  |TAMS 0x0000000706200000, 0x0000000706200000| Complete 
|  50|0x0000000706400000, 0x0000000706600000, 0x0000000706600000|100%|HC|  |TAMS 0x0000000706400000, 0x0000000706400000| Complete 
|  51|0x0000000706600000, 0x0000000706800000, 0x0000000706800000|100%|HC|  |TAMS 0x0000000706600000, 0x0000000706600000| Complete 
|  52|0x0000000706800000, 0x0000000706a00000, 0x0000000706a00000|100%|HS|  |TAMS 0x0000000706800000, 0x0000000706800000| Complete 
|  53|0x0000000706a00000, 0x0000000706c00000, 0x0000000706c00000|100%|HC|  |TAMS 0x0000000706a00000, 0x0000000706a00000| Complete 
|  54|0x0000000706c00000, 0x0000000706c00000, 0x0000000706e00000|  0%| F|  |TAMS 0x0000000706c00000, 0x0000000706c00000| Untracked 
|  55|0x0000000706e00000, 0x0000000706f80c20, 0x0000000707000000| 75%| S|CS|TAMS 0x0000000706e00000, 0x0000000706e00000| Complete 
|  56|0x0000000707000000, 0x0000000707200000, 0x0000000707200000|100%|HS|  |TAMS 0x0000000707000000, 0x0000000707000000| Complete 
|  57|0x0000000707200000, 0x0000000707400000, 0x0000000707400000|100%|HC|  |TAMS 0x0000000707200000, 0x0000000707200000| Complete 
|  58|0x0000000707400000, 0x0000000707600000, 0x0000000707600000|100%|HC|  |TAMS 0x0000000707400000, 0x0000000707400000| Complete 
|  59|0x0000000707600000, 0x00000007076667d0, 0x0000000707800000| 20%| E|  |TAMS 0x0000000707600000, 0x0000000707600000| Complete 
|  60|0x0000000707800000, 0x0000000707a00000, 0x0000000707a00000|100%|HS|  |TAMS 0x0000000707800000, 0x0000000707800000| Complete 
|  61|0x0000000707a00000, 0x0000000707c00000, 0x0000000707c00000|100%|HC|  |TAMS 0x0000000707a00000, 0x0000000707a00000| Complete 
|  62|0x0000000707c00000, 0x0000000707e00000, 0x0000000707e00000|100%|HS|  |TAMS 0x0000000707c00000, 0x0000000707c00000| Complete 
|  63|0x0000000707e00000, 0x0000000708000000, 0x0000000708000000|100%|HC|  |TAMS 0x0000000707e00000, 0x0000000707e00000| Complete 
|  64|0x0000000708000000, 0x0000000708200000, 0x0000000708200000|100%|HS|  |TAMS 0x0000000708000000, 0x0000000708000000| Complete 
|  65|0x0000000708200000, 0x0000000708400000, 0x0000000708400000|100%|HC|  |TAMS 0x0000000708200000, 0x0000000708200000| Complete 
|  66|0x0000000708400000, 0x0000000708600000, 0x0000000708600000|100%|HC|  |TAMS 0x0000000708400000, 0x0000000708400000| Complete 
|  67|0x0000000708600000, 0x0000000708800000, 0x0000000708800000|100%|HC|  |TAMS 0x0000000708600000, 0x0000000708600000| Complete 
|  68|0x0000000708800000, 0x0000000708a00000, 0x0000000708a00000|100%|HC|  |TAMS 0x0000000708800000, 0x0000000708800000| Complete 
|  69|0x0000000708a00000, 0x0000000708c00000, 0x0000000708c00000|100%|HS|  |TAMS 0x0000000708a00000, 0x0000000708a00000| Complete 
|  70|0x0000000708c00000, 0x0000000708e00000, 0x0000000708e00000|100%|HC|  |TAMS 0x0000000708c00000, 0x0000000708c00000| Complete 
|  71|0x0000000708e00000, 0x0000000709000000, 0x0000000709000000|100%|HC|  |TAMS 0x0000000708e00000, 0x0000000708e00000| Complete 
|  72|0x0000000709000000, 0x0000000709200000, 0x0000000709200000|100%|HS|  |TAMS 0x0000000709000000, 0x0000000709000000| Complete 
|  73|0x0000000709200000, 0x0000000709400000, 0x0000000709400000|100%|HC|  |TAMS 0x0000000709200000, 0x0000000709200000| Complete 
|  74|0x0000000709400000, 0x0000000709600000, 0x0000000709600000|100%|HC|  |TAMS 0x0000000709400000, 0x0000000709400000| Complete 

Card table byte_map: [0x00000150a6f70000,0x00000150a7770000] _byte_map_base: 0x00000150a3770000

Marking Bits (Prev, Next): (CMBitMap*) 0x000001509bf7c620, (CMBitMap*) 0x000001509bf7c660
 Prev Bits: [0x00000150a7f70000, 0x00000150abf70000)
 Next Bits: [0x00000150abf70000, 0x00000150aff70000)

Polling page: 0x0000015099c60000

Metaspace:

Usage:
  Non-class:     41.53 MB used.
      Class:      6.85 MB used.
       Both:     48.38 MB used.

Virtual space:
  Non-class space:       48.00 MB reserved,      41.88 MB ( 87%) committed,  6 nodes.
      Class space:        1.00 GB reserved,       7.19 MB ( <1%) committed,  1 nodes.
             Both:        1.05 GB reserved,      49.06 MB (  5%) committed. 

Chunk freelists:
   Non-Class:  1.45 MB
       Class:  784.00 KB
        Both:  2.21 MB

MaxMetaspaceSize: unlimited
CompressedClassSpaceSize: 1.00 GB
Initial GC threshold: 21.00 MB
Current GC threshold: 80.44 MB
CDS: on
MetaspaceReclaimPolicy: balanced
 - commit_granule_bytes: 65536.
 - commit_granule_words: 8192.
 - virtual_space_node_default_size: 1048576.
 - enlarge_chunks_in_place: 1.
 - new_chunks_are_fully_committed: 0.
 - uncommit_free_chunks: 1.
 - use_allocation_guard: 0.
 - handle_deallocations: 1.


Internal statistics:

num_allocs_failed_limit: 6.
num_arena_births: 1164.
num_arena_deaths: 382.
num_vsnodes_births: 7.
num_vsnodes_deaths: 0.
num_space_committed: 785.
num_space_uncommitted: 0.
num_chunks_returned_to_freelist: 459.
num_chunks_taken_from_freelist: 3213.
num_chunk_merges: 128.
num_chunk_splits: 1993.
num_chunks_enlarged: 1359.
num_purges: 8.
num_inconsistent_stats: 0.

CodeCache: size=49152Kb used=17661Kb max_used=18183Kb free=31490Kb
 bounds [0x00000150a3770000, 0x00000150a4970000, 0x00000150a6770000]
 total_blobs=11139 nmethods=10534 adapters=531
 compilation: enabled
              stopped_count=0, restarted_count=0
 full_count=0

Compilation events (20 events):
Event: 1131.652 Thread 0x00000150b2c00080 10723       1       sun.net.www.http.ChunkedInputStream::ensureRawAvailable (99 bytes)
Event: 1131.653 Thread 0x00000150b2c00080 nmethod 10723 0x00000150a4880b10 code [0x00000150a4880cc0, 0x00000150a4881038]
Event: 1131.653 Thread 0x00000150b2c00080 10724       1       sun.net.www.http.ChunkedInputStream::readAhead (45 bytes)
Event: 1131.653 Thread 0x00000150b2c00080 nmethod 10724 0x00000150a4880710 code [0x00000150a48808c0, 0x00000150a4880a38]
Event: 1131.653 Thread 0x00000150b2c00080 10725   !   1       sun.net.www.http.ChunkedInputStream::readAheadBlocking (103 bytes)
Event: 1131.653 Thread 0x00000150b2c00080 nmethod 10725 0x00000150a487fd10 code [0x00000150a487fee0, 0x00000150a4880178]
Event: 1131.653 Thread 0x00000150b2c00080 10726       1       java.net.Socket$SocketInputStream::available (8 bytes)
Event: 1131.653 Thread 0x00000150b2c00080 nmethod 10726 0x00000150a487fa10 code [0x00000150a487fba0, 0x00000150a487fc88]
Event: 1131.653 Thread 0x00000150b2c00080 10727       1       sun.nio.ch.NioSocketImpl$1::available (8 bytes)
Event: 1131.653 Thread 0x00000150b2c00080 nmethod 10727 0x00000150a487f710 code [0x00000150a487f8a0, 0x00000150a487f988]
Event: 1131.653 Thread 0x00000150b2c00080 10728   !   1       sun.nio.ch.NioSocketImpl::available (37 bytes)
Event: 1131.654 Thread 0x00000150b2c00080 nmethod 10728 0x00000150a487f190 code [0x00000150a487f340, 0x00000150a487f598]
Event: 1131.799 Thread 0x00000150b2c00080 10730       1       java.lang.management.MemoryUsage::getUsed (5 bytes)
Event: 1131.800 Thread 0x00000150b2c00080 nmethod 10730 0x00000150a487ee90 code [0x00000150a487f020, 0x00000150a487f0f8]
Event: 1131.800 Thread 0x00000150b2c00080 10731       1       sun.management.LazyCompositeData$$Lambda$1405/0x000000080117f5b0::test (16 bytes)
Event: 1131.800 Thread 0x00000150b2c00080 nmethod 10731 0x00000150a487e790 code [0x00000150a487e960, 0x00000150a487ec28]
Event: 1131.800 Thread 0x00000150b2c00080 10732       1       sun.management.LazyCompositeData::lambda$isTypeMatched$0 (14 bytes)
Event: 1131.801 Thread 0x00000150b2c00080 nmethod 10732 0x00000150a487e190 code [0x00000150a487e360, 0x00000150a487e5a8]
Event: 1131.801 Thread 0x00000150b2c00080 10733       1       sun.management.LazyCompositeData::isTypeMatched (108 bytes)
Event: 1131.801 Thread 0x00000150b2c00080 nmethod 10733 0x00000150a487d810 code [0x00000150a487da20, 0x00000150a487dfd8]

GC Heap History (20 events):
Event: 415.174 GC heap before
{Heap before GC invocations=16 (full 1):
 garbage-first heap   total 102400K, used 51373K [0x0000000700000000, 0x0000000800000000)
  region size 2048K, 10 young (20480K), 2 survivors (4096K)
 Metaspace       used 48429K, committed 49088K, reserved 1097728K
  class space    used 6886K, committed 7232K, reserved 1048576K
}
Event: 415.230 GC heap after
{Heap after GC invocations=17 (full 2):
 garbage-first heap   total 102400K, used 34388K [0x0000000700000000, 0x0000000800000000)
  region size 2048K, 0 young (0K), 0 survivors (0K)
 Metaspace       used 48367K, committed 49088K, reserved 1097728K
  class space    used 6871K, committed 7232K, reserved 1048576K
}
Event: 415.725 GC heap before
{Heap before GC invocations=17 (full 2):
 garbage-first heap   total 102400K, used 75348K [0x0000000700000000, 0x0000000800000000)
  region size 2048K, 20 young (40960K), 0 survivors (0K)
 Metaspace       used 48403K, committed 49088K, reserved 1097728K
  class space    used 6877K, committed 7232K, reserved 1048576K
}
Event: 415.728 GC heap after
{Heap after GC invocations=18 (full 2):
 garbage-first heap   total 102400K, used 37724K [0x0000000700000000, 0x0000000800000000)
  region size 2048K, 2 young (4096K), 2 survivors (4096K)
 Metaspace       used 48403K, committed 49088K, reserved 1097728K
  class space    used 6877K, committed 7232K, reserved 1048576K
}
Event: 416.132 GC heap before
{Heap before GC invocations=18 (full 2):
 garbage-first heap   total 102400K, used 74588K [0x0000000700000000, 0x0000000800000000)
  region size 2048K, 20 young (40960K), 2 survivors (4096K)
 Metaspace       used 48651K, committed 49280K, reserved 1097728K
  class space    used 6900K, committed 7232K, reserved 1048576K
}
Event: 416.139 GC heap after
{Heap after GC invocations=19 (full 2):
 garbage-first heap   total 102400K, used 39423K [0x0000000700000000, 0x0000000800000000)
  region size 2048K, 3 young (6144K), 3 survivors (6144K)
 Metaspace       used 48651K, committed 49280K, reserved 1097728K
  class space    used 6900K, committed 7232K, reserved 1048576K
}
Event: 426.116 GC heap before
{Heap before GC invocations=19 (full 2):
 garbage-first heap   total 102400K, used 74239K [0x0000000700000000, 0x0000000800000000)
  region size 2048K, 21 young (43008K), 3 survivors (6144K)
 Metaspace       used 48690K, committed 49280K, reserved 1097728K
  class space    used 6906K, committed 7232K, reserved 1048576K
}
Event: 426.122 GC heap after
{Heap after GC invocations=20 (full 2):
 garbage-first heap   total 122880K, used 41293K [0x0000000700000000, 0x0000000800000000)
  region size 2048K, 3 young (6144K), 3 survivors (6144K)
 Metaspace       used 48690K, committed 49280K, reserved 1097728K
  class space    used 6906K, committed 7232K, reserved 1048576K
}
Event: 458.796 GC heap before
{Heap before GC invocations=20 (full 2):
 garbage-first heap   total 122880K, used 47437K [0x0000000700000000, 0x0000000800000000)
  region size 2048K, 7 young (14336K), 3 survivors (6144K)
 Metaspace       used 48802K, committed 49408K, reserved 1097728K
  class space    used 6929K, committed 7232K, reserved 1048576K
}
Event: 458.854 GC heap after
{Heap after GC invocations=21 (full 3):
 garbage-first heap   total 122880K, used 37430K [0x0000000700000000, 0x0000000800000000)
  region size 2048K, 0 young (0K), 0 survivors (0K)
 Metaspace       used 48778K, committed 49408K, reserved 1097728K
  class space    used 6925K, committed 7232K, reserved 1048576K
}
Event: 459.486 GC heap before
{Heap before GC invocations=21 (full 3):
 garbage-first heap   total 122880K, used 90678K [0x0000000700000000, 0x0000000800000000)
  region size 2048K, 27 young (55296K), 0 survivors (0K)
 Metaspace       used 48874K, committed 49472K, reserved 1097728K
  class space    used 6938K, committed 7232K, reserved 1048576K
}
Event: 459.493 GC heap after
{Heap after GC invocations=22 (full 3):
 garbage-first heap   total 122880K, used 41379K [0x0000000700000000, 0x0000000800000000)
  region size 2048K, 2 young (4096K), 2 survivors (4096K)
 Metaspace       used 48874K, committed 49472K, reserved 1097728K
  class space    used 6938K, committed 7232K, reserved 1048576K
}
Event: 460.080 GC heap before
{Heap before GC invocations=22 (full 3):
 garbage-first heap   total 122880K, used 94627K [0x0000000700000000, 0x0000000800000000)
  region size 2048K, 28 young (57344K), 2 survivors (4096K)
 Metaspace       used 49085K, committed 49664K, reserved 1097728K
  class space    used 6957K, committed 7232K, reserved 1048576K
}
Event: 460.086 GC heap after
{Heap after GC invocations=23 (full 3):
 garbage-first heap   total 122880K, used 43963K [0x0000000700000000, 0x0000000800000000)
  region size 2048K, 4 young (8192K), 4 survivors (8192K)
 Metaspace       used 49085K, committed 49664K, reserved 1097728K
  class space    used 6957K, committed 7232K, reserved 1048576K
}
Event: 948.720 GC heap before
{Heap before GC invocations=23 (full 3):
 garbage-first heap   total 122880K, used 91067K [0x0000000700000000, 0x0000000800000000)
  region size 2048K, 28 young (57344K), 4 survivors (8192K)
 Metaspace       used 49258K, committed 49856K, reserved 1097728K
  class space    used 6984K, committed 7296K, reserved 1048576K
}
Event: 948.725 GC heap after
{Heap after GC invocations=24 (full 3):
 garbage-first heap   total 122880K, used 43568K [0x0000000700000000, 0x0000000800000000)
  region size 2048K, 2 young (4096K), 2 survivors (4096K)
 Metaspace       used 49258K, committed 49856K, reserved 1097728K
  class space    used 6984K, committed 7296K, reserved 1048576K
}
Event: 1116.494 GC heap before
{Heap before GC invocations=24 (full 3):
 garbage-first heap   total 122880K, used 96816K [0x0000000700000000, 0x0000000800000000)
  region size 2048K, 27 young (55296K), 2 survivors (4096K)
 Metaspace       used 49599K, committed 50240K, reserved 1097728K
  class space    used 7026K, committed 7360K, reserved 1048576K
}
Event: 1116.502 GC heap after
{Heap after GC invocations=25 (full 3):
 garbage-first heap   total 122880K, used 49208K [0x0000000700000000, 0x0000000800000000)
  region size 2048K, 4 young (8192K), 4 survivors (8192K)
 Metaspace       used 49599K, committed 50240K, reserved 1097728K
  class space    used 7026K, committed 7360K, reserved 1048576K
}
Event: 1131.792 GC heap before
{Heap before GC invocations=25 (full 3):
 garbage-first heap   total 122880K, used 61496K [0x0000000700000000, 0x0000000800000000)
  region size 2048K, 8 young (16384K), 4 survivors (8192K)
 Metaspace       used 49608K, committed 50240K, reserved 1097728K
  class space    used 7028K, committed 7360K, reserved 1048576K
}
Event: 1131.799 GC heap after
{Heap after GC invocations=26 (full 3):
 garbage-first heap   total 122880K, used 58224K [0x0000000700000000, 0x0000000800000000)
  region size 2048K, 1 young (2048K), 1 survivors (2048K)
 Metaspace       used 49608K, committed 50240K, reserved 1097728K
  class space    used 7028K, committed 7360K, reserved 1048576K
}

Deoptimization events (20 events):
Event: 287.261 Thread 0x00000150b227a2c0 DEOPT PACKING pc=0x00000150a3a27c5c sp=0x0000004d5cefee90
Event: 287.261 Thread 0x00000150b227a2c0 DEOPT UNPACKING pc=0x00000150a37c66e3 sp=0x0000004d5cefe390 mode 0
Event: 289.140 Thread 0x00000150b5514230 DEOPT PACKING pc=0x00000150a3a27c5c sp=0x0000004d5eafefe0
Event: 289.140 Thread 0x00000150b5514230 DEOPT UNPACKING pc=0x00000150a37c66e3 sp=0x0000004d5eafe4e0 mode 0
Event: 307.065 Thread 0x00000150b2277c40 DEOPT PACKING pc=0x00000150a3a27c5c sp=0x0000004d5d1ff0a0
Event: 307.065 Thread 0x00000150b2277c40 DEOPT UNPACKING pc=0x00000150a37c66e3 sp=0x0000004d5d1fe5a0 mode 0
Event: 307.174 Thread 0x00000150b5514700 DEOPT PACKING pc=0x00000150a3a27c5c sp=0x0000004d5d5ff170
Event: 307.174 Thread 0x00000150b5514700 DEOPT UNPACKING pc=0x00000150a37c66e3 sp=0x0000004d5d5fe670 mode 0
Event: 309.120 Thread 0x00000150b55103a0 DEOPT PACKING pc=0x00000150a3a27c5c sp=0x0000004d5dafef00
Event: 309.120 Thread 0x00000150b5513890 DEOPT PACKING pc=0x00000150a3a27c5c sp=0x0000004d5dbfef60
Event: 309.120 Thread 0x00000150b55103a0 DEOPT UNPACKING pc=0x00000150a37c66e3 sp=0x0000004d5dafe400 mode 0
Event: 309.120 Thread 0x00000150b5513890 DEOPT UNPACKING pc=0x00000150a37c66e3 sp=0x0000004d5dbfe460 mode 0
Event: 309.120 Thread 0x00000150b5514bd0 DEOPT PACKING pc=0x00000150a3a27c5c sp=0x0000004d5ccff070
Event: 309.120 Thread 0x00000150b5514bd0 DEOPT UNPACKING pc=0x00000150a37c66e3 sp=0x0000004d5ccfe570 mode 0
Event: 309.120 Thread 0x00000150b550f060 DEOPT PACKING pc=0x00000150a3a27c5c sp=0x0000004d5cdff220
Event: 309.120 Thread 0x00000150b550f060 DEOPT UNPACKING pc=0x00000150a37c66e3 sp=0x0000004d5cdfe720 mode 0
Event: 309.167 Thread 0x00000150b5510870 DEOPT PACKING pc=0x00000150a3a27c5c sp=0x0000004d5dcfeea0
Event: 309.167 Thread 0x00000150b5510870 DEOPT UNPACKING pc=0x00000150a37c66e3 sp=0x0000004d5dcfe3a0 mode 0
Event: 513.280 Thread 0x00000150b693c6e0 DEOPT PACKING pc=0x00000150a47d81fb sp=0x0000004d5dffd3c0
Event: 513.280 Thread 0x00000150b693c6e0 DEOPT UNPACKING pc=0x00000150a37c66e3 sp=0x0000004d5dffc8d0 mode 3

Classes unloaded (20 events):
Event: 1131.890 Thread 0x00000150b224d480 Unloading class 0x0000000800ee5800 'jdk/internal/reflect/GeneratedConstructorAccessor89'
Event: 1131.890 Thread 0x00000150b224d480 Unloading class 0x0000000800c02c00 'jdk/internal/reflect/GeneratedConstructorAccessor85'
Event: 1131.890 Thread 0x00000150b224d480 Unloading class 0x0000000800c03800 'jdk/internal/reflect/GeneratedConstructorAccessor84'
Event: 1131.890 Thread 0x00000150b224d480 Unloading class 0x0000000800c05400 'jdk/internal/reflect/GeneratedSerializationConstructorAccessor9'
Event: 1131.890 Thread 0x00000150b224d480 Unloading class 0x0000000800c82000 'jdk/internal/reflect/GeneratedConstructorAccessor83'
Event: 1131.890 Thread 0x00000150b224d480 Unloading class 0x000000080122c000 'java/lang/invoke/LambdaForm$MH+0x000000080122c000'
Event: 1131.890 Thread 0x00000150b224d480 Unloading class 0x0000000801288c00 'java/lang/invoke/LambdaForm$BMH+0x0000000801288c00'
Event: 1131.890 Thread 0x00000150b224d480 Unloading class 0x000000080129a000 'java/lang/invoke/LambdaForm$MH+0x000000080129a000'
Event: 1131.890 Thread 0x00000150b224d480 Unloading class 0x0000000800c06800 'java/lang/invoke/LambdaForm$BMH+0x0000000800c06800'
Event: 1131.891 Thread 0x00000150b224d480 Unloading class 0x0000000800c08000 'java/lang/invoke/LambdaForm$MH+0x0000000800c08000'
Event: 1131.891 Thread 0x00000150b224d480 Unloading class 0x0000000800d58000 'java/lang/invoke/LambdaForm$MH+0x0000000800d58000'
Event: 1131.891 Thread 0x00000150b224d480 Unloading class 0x0000000800e39c00 'java/lang/invoke/LambdaForm$MH+0x0000000800e39c00'
Event: 1131.891 Thread 0x00000150b224d480 Unloading class 0x0000000800e44000 'java/lang/invoke/LambdaForm$BMH+0x0000000800e44000'
Event: 1131.891 Thread 0x00000150b224d480 Unloading class 0x0000000800ee5400 'jdk/internal/reflect/GeneratedConstructorAccessor77'
Event: 1131.891 Thread 0x00000150b224d480 Unloading class 0x00000008012e1400 'jdk/internal/reflect/GeneratedConstructorAccessor65'
Event: 1131.891 Thread 0x00000150b224d480 Unloading class 0x00000008012e1800 'jdk/internal/reflect/GeneratedConstructorAccessor64'
Event: 1131.891 Thread 0x00000150b224d480 Unloading class 0x00000008012e2c00 'jdk/internal/reflect/GeneratedConstructorAccessor63'
Event: 1131.891 Thread 0x00000150b224d480 Unloading class 0x00000008012e3000 'jdk/internal/reflect/GeneratedConstructorAccessor62'
Event: 1131.891 Thread 0x00000150b224d480 Unloading class 0x00000008012ea400 'jdk/internal/reflect/GeneratedConstructorAccessor61'
Event: 1131.891 Thread 0x00000150b224d480 Unloading class 0x00000008012ea800 'jdk/internal/reflect/GeneratedConstructorAccessor60'

Classes redefined (0 events):
No events

Internal exceptions (20 events):
Event: 1100.176 Thread 0x00000150b5512080 Exception <a 'java/net/ConnectException'{0x0000000705c69f90}: Connection refused: no further information> (0x0000000705c69f90) 
thrown [s\open\src\hotspot\share\prims\jni.cpp, line 535]
Event: 1100.176 Thread 0x00000150b5512080 Exception <a 'java/net/SocketException'{0x0000000705c6a570}: Socket is not connected: shutdown> (0x0000000705c6a570) 
thrown [s\open\src\hotspot\share\prims\jni.cpp, line 535]
Event: 1100.177 Thread 0x00000150b5512080 Exception <a 'java/net/ConnectException'{0x0000000705c6b980}: Connection refused: no further information> (0x0000000705c6b980) 
thrown [s\open\src\hotspot\share\prims\jni.cpp, line 535]
Event: 1100.177 Thread 0x00000150b5512080 Exception <a 'java/net/SocketException'{0x0000000705c6bf60}: Socket is not connected: shutdown> (0x0000000705c6bf60) 
thrown [s\open\src\hotspot\share\prims\jni.cpp, line 535]
Event: 1104.806 Thread 0x00000150b55133c0 Exception <a 'java/lang/reflect/InvocationTargetException'{0x0000000705d56258}> (0x0000000705d56258) 
thrown [s\open\src\hotspot\share\runtime\reflection.cpp, line 1121]
Event: 1104.837 Thread 0x00000150b693ed60 Exception <a 'java/lang/reflect/InvocationTargetException'{0x0000000705dfadd0}> (0x0000000705dfadd0) 
thrown [s\open\src\hotspot\share\runtime\reflection.cpp, line 1121]
Event: 1105.151 Thread 0x00000150b693a530 Exception <a 'java/lang/reflect/InvocationTargetException'{0x00000007058f4fc0}> (0x00000007058f4fc0) 
thrown [s\open\src\hotspot\share\runtime\reflection.cpp, line 1121]
Event: 1110.158 Thread 0x00000150b5512080 Exception <a 'java/net/ConnectException'{0x0000000704a90780}: Connection refused: no further information> (0x0000000704a90780) 
thrown [s\open\src\hotspot\share\prims\jni.cpp, line 535]
Event: 1110.158 Thread 0x00000150b5512080 Exception <a 'java/net/SocketException'{0x0000000704a90d60}: Socket is not connected: shutdown> (0x0000000704a90d60) 
thrown [s\open\src\hotspot\share\prims\jni.cpp, line 535]
Event: 1110.158 Thread 0x00000150b5512080 Exception <a 'java/net/ConnectException'{0x0000000704a92170}: Connection refused: no further information> (0x0000000704a92170) 
thrown [s\open\src\hotspot\share\prims\jni.cpp, line 535]
Event: 1110.158 Thread 0x00000150b5512080 Exception <a 'java/net/SocketException'{0x0000000704a92750}: Socket is not connected: shutdown> (0x0000000704a92750) 
thrown [s\open\src\hotspot\share\prims\jni.cpp, line 535]
Event: 1120.157 Thread 0x00000150b5512080 Exception <a 'java/net/ConnectException'{0x000000070754c988}: Connection refused: no further information> (0x000000070754c988) 
thrown [s\open\src\hotspot\share\prims\jni.cpp, line 535]
Event: 1120.157 Thread 0x00000150b5512080 Exception <a 'java/net/SocketException'{0x000000070754ef98}: Socket is not connected: shutdown> (0x000000070754ef98) 
thrown [s\open\src\hotspot\share\prims\jni.cpp, line 535]
Event: 1120.168 Thread 0x00000150b5512080 Exception <a 'java/net/ConnectException'{0x00000007075503a8}: Connection refused: no further information> (0x00000007075503a8) 
thrown [s\open\src\hotspot\share\prims\jni.cpp, line 535]
Event: 1120.168 Thread 0x00000150b5512080 Exception <a 'java/net/SocketException'{0x0000000707550988}: Socket is not connected: shutdown> (0x0000000707550988) 
thrown [s\open\src\hotspot\share\prims\jni.cpp, line 535]
Event: 1130.158 Thread 0x00000150b5512080 Exception <a 'java/net/ConnectException'{0x0000000707253aa8}: Connection refused: no further information> (0x0000000707253aa8) 
thrown [s\open\src\hotspot\share\prims\jni.cpp, line 535]
Event: 1130.158 Thread 0x00000150b5512080 Exception <a 'java/net/SocketException'{0x0000000707254088}: Socket is not connected: shutdown> (0x0000000707254088) 
thrown [s\open\src\hotspot\share\prims\jni.cpp, line 535]
Event: 1130.158 Thread 0x00000150b5512080 Exception <a 'java/net/ConnectException'{0x0000000707255498}: Connection refused: no further information> (0x0000000707255498) 
thrown [s\open\src\hotspot\share\prims\jni.cpp, line 535]
Event: 1130.158 Thread 0x00000150b5512080 Exception <a 'java/net/SocketException'{0x0000000707255a78}: Socket is not connected: shutdown> (0x0000000707255a78) 
thrown [s\open\src\hotspot\share\prims\jni.cpp, line 535]
Event: 1131.802 Thread 0x00000150b693b3a0 Exception <a 'java/lang/reflect/InvocationTargetException'{0x0000000707619ee0}> (0x0000000707619ee0) 
thrown [s\open\src\hotspot\share\runtime\reflection.cpp, line 1121]

VM Operations (20 events):
Event: 1100.681 Executing VM operation: Cleanup done
Event: 1105.710 Executing VM operation: Cleanup
Event: 1105.710 Executing VM operation: Cleanup done
Event: 1107.738 Executing VM operation: Cleanup
Event: 1107.738 Executing VM operation: Cleanup done
Event: 1110.757 Executing VM operation: Cleanup
Event: 1110.757 Executing VM operation: Cleanup done
Event: 1111.759 Executing VM operation: Cleanup
Event: 1111.759 Executing VM operation: Cleanup done
Event: 1116.494 Executing VM operation: G1CollectForAllocation
Event: 1116.502 Executing VM operation: G1CollectForAllocation done
Event: 1117.516 Executing VM operation: Cleanup
Event: 1117.516 Executing VM operation: Cleanup done
Event: 1120.537 Executing VM operation: Cleanup
Event: 1120.537 Executing VM operation: Cleanup done
Event: 1131.633 Executing VM operation: Cleanup
Event: 1131.633 Executing VM operation: Cleanup done
Event: 1131.792 Executing VM operation: G1TryInitiateConcMark
Event: 1131.799 Executing VM operation: G1TryInitiateConcMark done
Event: 1131.889 Executing VM operation: G1Concurrent

Events (20 events):
Event: 1073.493 Thread 0x00000150b2c00980 flushing nmethod 0x00000150a4386490
Event: 1073.494 Thread 0x00000150b2c00980 flushing nmethod 0x00000150a44ea290
Event: 1074.714 Thread 0x00000150b55133c0 Thread added: 0x00000150b55133c0
Event: 1104.797 loading class sun/net/www/http/ChunkedInputStream
Event: 1104.797 loading class sun/net/www/http/Hurryable
Event: 1104.797 loading class sun/net/www/http/Hurryable done
Event: 1104.797 loading class sun/net/www/http/ChunkedInputStream done
Event: 1104.797 loading class sun/net/www/protocol/http/HttpURLConnection$HttpInputStream
Event: 1104.798 loading class sun/net/www/protocol/http/HttpURLConnection$HttpInputStream done
Event: 1104.798 loading class sun/net/www/protocol/http/HttpURLConnection$10
Event: 1104.798 loading class sun/net/www/protocol/http/HttpURLConnection$10 done
Event: 1104.806 loading class java/io/OutputStream$1
Event: 1104.806 loading class java/io/OutputStream$1 done
Event: 1107.247 Thread 0x00000150b4b11090 Thread added: 0x00000150b4b11090
Event: 1107.327 Thread 0x00000150b55163e0 Thread added: 0x00000150b55163e0
Event: 1110.156 Thread 0x00000150b4b11090 Thread exited: 0x00000150b4b11090
Event: 1116.475 Thread 0x00000150b5513d60 Thread added: 0x00000150b5513d60
Event: 1117.011 Thread 0x00000150b34afa60 Thread added: 0x00000150b34afa60
Event: 1117.052 Thread 0x00000150b5514230 Thread added: 0x00000150b5514230
Event: 1125.410 Thread 0x00000150b34afa60 Thread exited: 0x00000150b34afa60


Dynamic libraries:
0x00007ff70adc0000 - 0x00007ff70add0000 	C:\Program Files\Java\jdk-17.0.5\bin\javaw.exe
0x00007ffe9e6b0000 - 0x00007ffe9e8a8000 	C:\Windows\SYSTEM32\ntdll.dll
0x00007ffe9cfc0000 - 0x00007ffe9d07d000 	C:\Windows\System32\KERNEL32.DLL
0x00007ffe9c0c0000 - 0x00007ffe9c392000 	C:\Windows\System32\KERNELBASE.dll
0x00007ffe9c520000 - 0x00007ffe9c620000 	C:\Windows\System32\ucrtbase.dll
0x00007ffe84e30000 - 0x00007ffe84e4a000 	C:\Program Files\Java\jdk-17.0.5\bin\VCRUNTIME140.dll
0x00007ffe84e50000 - 0x00007ffe84e68000 	C:\Program Files\Java\jdk-17.0.5\bin\jli.dll
0x00007ffe9d290000 - 0x00007ffe9d33e000 	C:\Windows\System32\ADVAPI32.dll
0x00007ffe9e080000 - 0x00007ffe9e11e000 	C:\Windows\System32\msvcrt.dll
0x00007ffe9e180000 - 0x00007ffe9e21c000 	C:\Windows\System32\sechost.dll
0x00007ffe9c830000 - 0x00007ffe9c955000 	C:\Windows\System32\RPCRT4.dll
0x00007ffe9cac0000 - 0x00007ffe9cc5d000 	C:\Windows\System32\USER32.dll
0x00007ffe9c450000 - 0x00007ffe9c472000 	C:\Windows\System32\win32u.dll
0x00007ffe8fb30000 - 0x00007ffe8fdca000 	C:\Windows\WinSxS\amd64_microsoft.windows.common-controls_6595b64144ccf1df_6.0.19041.1110_none_60b5254171f9507e\COMCTL32.dll
0x00007ffe9e610000 - 0x00007ffe9e63b000 	C:\Windows\System32\GDI32.dll
0x00007ffe9bfb0000 - 0x00007ffe9c0bf000 	C:\Windows\System32\gdi32full.dll
0x00007ffe9c480000 - 0x00007ffe9c51d000 	C:\Windows\System32\msvcp_win.dll
0x00007ffe9ab50000 - 0x00007ffe9ab5a000 	C:\Windows\SYSTEM32\VERSION.dll
0x00007ffe9d490000 - 0x00007ffe9d4c0000 	C:\Windows\System32\IMM32.DLL
0x00007ffe9bb90000 - 0x00007ffe9bbc9000 	C:\Windows\system32\vmwsci.dll
0x00007ffe9d400000 - 0x00007ffe9d408000 	C:\Windows\System32\PSAPI.DLL
0x00007ffe902a0000 - 0x00007ffe902ac000 	C:\Program Files\Java\jdk-17.0.5\bin\vcruntime140_1.dll
0x00007ffe7c430000 - 0x00007ffe7c4bd000 	C:\Program Files\Java\jdk-17.0.5\bin\msvcp140.dll
0x00007ffe56340000 - 0x00007ffe56f02000 	C:\Program Files\Java\jdk-17.0.5\bin\server\jvm.dll
0x00007ffe85cc0000 - 0x00007ffe85cc9000 	C:\Windows\SYSTEM32\WSOCK32.dll
0x00007ffe915e0000 - 0x00007ffe91607000 	C:\Windows\SYSTEM32\WINMM.dll
0x00007ffe9e340000 - 0x00007ffe9e3ab000 	C:\Windows\System32\WS2_32.dll
0x00007ffe9ab10000 - 0x00007ffe9ab22000 	C:\Windows\SYSTEM32\kernel.appcore.dll
0x00007ffe8f860000 - 0x00007ffe8f86a000 	C:\Program Files\Java\jdk-17.0.5\bin\jimage.dll
0x00007ffe99f70000 - 0x00007ffe9a154000 	C:\Windows\SYSTEM32\DBGHELP.DLL
0x00007ffe89b00000 - 0x00007ffe89b2c000 	C:\Windows\SYSTEM32\dbgcore.DLL
0x00007ffe9bdc0000 - 0x00007ffe9be42000 	C:\Windows\System32\bcryptPrimitives.dll
0x00007ffe84d30000 - 0x00007ffe84d55000 	C:\Program Files\Java\jdk-17.0.5\bin\java.dll
0x00007ffe7aa60000 - 0x00007ffe7ab36000 	C:\Program Files\Java\jdk-17.0.5\bin\jsvml.dll
0x00007ffe9d4c0000 - 0x00007ffe9dc03000 	C:\Windows\System32\SHELL32.dll
0x00007ffe997c0000 - 0x00007ffe99f51000 	C:\Windows\SYSTEM32\windows.storage.dll
0x00007ffe9cc60000 - 0x00007ffe9cfb4000 	C:\Windows\System32\combase.dll
0x00007ffe9b740000 - 0x00007ffe9b770000 	C:\Windows\SYSTEM32\Wldp.dll
0x00007ffe9d340000 - 0x00007ffe9d3ed000 	C:\Windows\System32\SHCORE.dll
0x00007ffe9d080000 - 0x00007ffe9d0d5000 	C:\Windows\System32\shlwapi.dll
0x00007ffe9bcd0000 - 0x00007ffe9bcef000 	C:\Windows\SYSTEM32\profapi.dll
0x00007ffe84ca0000 - 0x00007ffe84cb9000 	C:\Program Files\Java\jdk-17.0.5\bin\net.dll
0x00007ffe93bc0000 - 0x00007ffe93ccd000 	C:\Windows\SYSTEM32\WINHTTP.dll
0x00007ffe9b4a0000 - 0x00007ffe9b50a000 	C:\Windows\system32\mswsock.dll
0x00007ffe81b30000 - 0x00007ffe81b46000 	C:\Program Files\Java\jdk-17.0.5\bin\nio.dll
0x00007ffe84cf0000 - 0x00007ffe84d08000 	C:\Program Files\Java\jdk-17.0.5\bin\zip.dll
0x00007ffe966a0000 - 0x00007ffe966a9000 	C:\Program Files\Java\jdk-17.0.5\bin\management.dll
0x00007ffe8ec20000 - 0x00007ffe8ec2b000 	C:\Program Files\Java\jdk-17.0.5\bin\management_ext.dll
0x00007ffe92c50000 - 0x00007ffe92c67000 	C:\Windows\system32\napinsp.dll
0x00007ffe92c90000 - 0x00007ffe92cab000 	C:\Windows\system32\pnrpnsp.dll
0x00007ffe92c70000 - 0x00007ffe92c85000 	C:\Windows\system32\wshbth.dll
0x00007ffe96580000 - 0x00007ffe9659d000 	C:\Windows\system32\NLAapi.dll
0x00007ffe9b190000 - 0x00007ffe9b1cb000 	C:\Windows\SYSTEM32\IPHLPAPI.DLL
0x00007ffe9b1d0000 - 0x00007ffe9b29a000 	C:\Windows\SYSTEM32\DNSAPI.dll
0x00007ffe9cab0000 - 0x00007ffe9cab8000 	C:\Windows\System32\NSI.dll
0x00007ffe92f20000 - 0x00007ffe92f32000 	C:\Windows\System32\winrnr.dll
0x00007ffe95360000 - 0x00007ffe9536a000 	C:\Windows\System32\rasadhlp.dll
0x00007ffe96d30000 - 0x00007ffe96db0000 	C:\Windows\System32\fwpuclnt.dll
0x00007ffe9bd90000 - 0x00007ffe9bdb7000 	C:\Windows\System32\bcrypt.dll
0x00007ffe9b6a0000 - 0x00007ffe9b6b8000 	C:\Windows\SYSTEM32\CRYPTSP.dll
0x00007ffe9adc0000 - 0x00007ffe9adf4000 	C:\Windows\system32\rsaenh.dll
0x00007ffe9bc50000 - 0x00007ffe9bc7e000 	C:\Windows\SYSTEM32\USERENV.dll
0x00007ffe9b690000 - 0x00007ffe9b69c000 	C:\Windows\SYSTEM32\CRYPTBASE.dll
0x00007ffe96d00000 - 0x00007ffe96d17000 	C:\Windows\SYSTEM32\dhcpcsvc6.DLL
0x00007ffe96ca0000 - 0x00007ffe96cbd000 	C:\Windows\SYSTEM32\dhcpcsvc.DLL
0x00007ffe91210000 - 0x00007ffe9121e000 	C:\Program Files\Java\jdk-17.0.5\bin\sunmscapi.dll
0x00007ffe9be50000 - 0x00007ffe9bfa6000 	C:\Windows\System32\CRYPT32.dll
0x00007ffe9b7b0000 - 0x00007ffe9b7d7000 	C:\Windows\SYSTEM32\ncrypt.dll
0x00007ffe9b770000 - 0x00007ffe9b7ab000 	C:\Windows\SYSTEM32\NTASN1.dll
0x00007ffe902e0000 - 0x00007ffe902e7000 	C:\Windows\system32\wshunix.dll

dbghelp: loaded successfully - version: 4.0.5 - missing functions: none
symbol engine: initialized successfully - sym options: 0x614 - pdb path: .;C:\Program Files\Java\jdk-17.0.5\bin;C:\Windows\SYSTEM32;C:\Windows\WinSxS\amd64_microsoft.windows.common-controls_6595b64144ccf1df_6.0.19041.1110_none_60b5254171f9507e;C:\Program Files\Java\jdk-17.0.5\bin\server

VM Arguments:
jvm_args: -Dcom.sun.management.jmxremote -Dcom.sun.management.jmxremote.port=53443 -Dcom.sun.management.jmxremote.authenticate=false -Dcom.sun.management.jmxremote.ssl=false -Djava.rmi.server.hostname=localhost -Dspring.jmx.enabled=true -Dspring.liveBeansView.mbeanDomain -Dspring.application.admin.enabled=true -Xverify:none -XX:TieredStopAtLevel=1 -Dfile.encoding=UTF-8 
java_command: com.microservice.productservice.MicroserviceProductServiceApplication
java_class_path (initial): E:\Java-Workspace-Spring-tool-suite\microservice-product-service\target\classes;C:\Users\shrikantkh\.m2\repository\org\springframework\boot\spring-boot-starter-actuator\3.0.6\spring-boot-starter-actuator-3.0.6.jar;C:\Users\shrikantkh\.m2\repository\org\springframework\boot\spring-boot-starter\3.0.6\spring-boot-starter-3.0.6.jar;C:\Users\shrikantkh\.m2\repository\org\springframework\boot\spring-boot-starter-logging\3.0.6\spring-boot-starter-logging-3.0.6.jar;C:\Users\shrikantkh\.m2\repository\ch\qos\logback\logback-classic\1.4.7\logback-classic-1.4.7.jar;C:\Users\shrikantkh\.m2\repository\ch\qos\logback\logback-core\1.4.7\logback-core-1.4.7.jar;C:\Users\shrikantkh\.m2\repository\org\apache\logging\log4j\log4j-to-slf4j\2.19.0\log4j-to-slf4j-2.19.0.jar;C:\Users\shrikantkh\.m2\repository\org\apache\logging\log4j\log4j-api\2.19.0\log4j-api-2.19.0.jar;C:\Users\shrikantkh\.m2\repository\org\slf4j\jul-to-slf4j\2.0.7\jul-to-slf4j-2.0.7.jar;C:\Users\shrikantkh\.m2\repository\jakarta\annotation\jakarta.annotation-api\2.1.1\jakarta.annotation-api-2.1.1.jar;C:\Users\shrikantkh\.m2\repository\org\yaml\snakeyaml\1.33\snakeyaml-1.33.jar;C:\Users\shrikantkh\.m2\repository\org\springframework\boot\spring-boot-actuator-autoconfigure\3.0.6\spring-boot-actuator-autoconfigure-3.0.6.jar;C:\Users\shrikantkh\.m2\repository\org\springframework\boot\spring-boot-actuator\3.0.6\spring-boot-actuator-3.0.6.jar;C:\Users\shrikantkh\.m2\repository\com\fasterxml\jackson\core\jackson-databind\2.14.2\jackson-databind-2.14.2.jar;C:\Users\shrikantkh\.m2\repository\com\fasterxml\jackson\datatype\jackson-datatype-jsr310\2.14.2\jackson-datatype-jsr310-2.14.2.jar;C:\Users\shrikantkh\.m2\repository\io\micrometer\micrometer-observation\1.10.6\micrometer-observation-1.10.6.jar;C:\Users\shrikantkh\.m2\repository\io\micrometer\micrometer-commons\1.10.6\micrometer-commons-1.10.6.jar;C:\Users\shrikantkh\.m2\repository\io\micrometer\micrometer-core\1.10.6\micrometer-core-1.10.6.jar;C:\Us
Launcher Type: SUN_STANDARD

[Global flags]
     intx CICompilerCount                          = 3                                         {product} {ergonomic}
     uint ConcGCThreads                            = 1                                         {product} {ergonomic}
     uint G1ConcRefinementThreads                  = 4                                         {product} {ergonomic}
   size_t G1HeapRegionSize                         = 2097152                                   {product} {ergonomic}
    uintx GCDrainStackTargetSize                   = 64                                        {product} {ergonomic}
   size_t InitialHeapSize                          = 268435456                                 {product} {ergonomic}
     bool ManagementServer                         = true                                      {product} {command line}
   size_t MarkStackSize                            = 4194304                                   {product} {ergonomic}
   size_t MaxHeapSize                              = 4294967296                                {product} {ergonomic}
   size_t MaxNewSize                               = 2575302656                                {product} {ergonomic}
   size_t MinHeapDeltaBytes                        = 2097152                                   {product} {ergonomic}
   size_t MinHeapSize                              = 8388608                                   {product} {ergonomic}
    uintx NonProfiledCodeHeapSize                  = 0                                      {pd product} {ergonomic}
     bool ProfileInterpreter                       = false                                  {pd product} {command line}
    uintx ProfiledCodeHeapSize                     = 0                                      {pd product} {ergonomic}
   size_t SoftMaxHeapSize                          = 4294967296                             {manageable} {ergonomic}
     intx TieredStopAtLevel                        = 1                                         {product} {command line}
     bool UseCompressedClassPointers               = true                           {product lp64_product} {ergonomic}
     bool UseCompressedOops                        = true                           {product lp64_product} {ergonomic}
     bool UseG1GC                                  = true                                      {product} {ergonomic}
     bool UseLargePagesIndividualAllocation        = false                                  {pd product} {ergonomic}

Logging:
Log output configuration:
 #0: stdout all=warning uptime,level,tags
 #1: stderr all=off uptime,level,tags

Environment Variables:
JAVA_HOME=C:\Program Files\Java\jdk-11.0.15
PATH=C:\Program Files\Common Files\Oracle\Java\javapath;C:\Windows\system32;C:\Windows;C:\Windows\System32\Wbem;C:\Windows\System32\WindowsPowerShell\v1.0\;C:\Windows\System32\OpenSSH\;C:\Program Files\Microsoft VS Code\bin;C:\Program Files\nodejs\;C:\Program Files\Git\cmd;C:\Program Files (x86)\CheckPoint\Endpoint Security\Endpoint Common\bin;C:\Program Files\Java\jdk-11.0.15\bin;C:\sonar-scanner-4.0.0.1744-windows\bin;E:\apache-maven-3.6.3\bin;C:\Program Files\MongoDB\Server\5.0\bin;C:\Users\shrikantkh\AppData\Local\Programs\Python\Python310\Scripts\;C:\Users\shrikantkh\AppData\Local\Programs\Python\Python310\;C:\Users\shrikantkh\AppData\Local\Microsoft\WindowsApps;C:\Users\shrikantkh\AppData\Roaming\npm;C:\Program Files\JetBrains\PyCharm Community Edition 2022.2.1\bin;;C:\Program Files\JetBrains\IntelliJ IDEA Community Edition 2021.2.3\bin;;
USERNAME=shrikantkh
OS=Windows_NT
PROCESSOR_IDENTIFIER=Intel64 Family 6 Model 106 Stepping 6, GenuineIntel



---------------  S Y S T E M  ---------------

OS:
 Windows 10 , 64 bit Build 19041 (10.0.19041.1889)
OS uptime: 22 days 22:08 hours
VMWare virtualization detected

CPU: total 4 (initial active 4) (2 cores per cpu, 1 threads per core) family 6 model 106 stepping 6 microcode 0xd000363, cx8, cmov, fxsr, mmx, 3dnowpref, sse, sse2, sse3, ssse3, sse4.1, sse4.2, popcnt, lzcnt, tsc, tscinvbit, avx, avx2, aes, erms, clmul, bmi1, bmi2, adx, avx512f, avx512dq, avx512cd, avx512bw, avx512vl, sha, fma, vzeroupper, avx512_vpopcntdq, avx512_vpclmulqdq, avx512_vaes, avx512_vnni, clflush, clflushopt, clwb, avx512_vbmi2, avx512_vbmi, hv

Memory: 4k page, system-wide physical 16383M (1203M free)
TotalPageFile size 29112M (AvailPageFile size 840M)
current process WorkingSet (physical memory assigned to process): 284M, peak: 284M
current process commit charge ("private bytes"): 326M, peak: 420M

vm_info: Java HotSpot(TM) 64-Bit Server VM (17.0.5+9-LTS-191) for windows-amd64 JRE (17.0.5+9-LTS-191), built on Sep 13 2022 17:31:43 by "mach5one" with MS VC++ 16.8 / 16.9 (VS2019)

END.
